app/build/intermediates/manifest_merge_blame_file/debug/manifest-merger-blame-debug-report.txt
1<?xml version="1.0" encoding="utf-8"?>
2<manifest xmlns:android="http://schemas.android.com/apk/res/android"
3    package="com.google.mlkit.vision.demo"
4    android:installLocation="auto"
5    android:versionCode="11"
6    android:versionName="1.11" >
7    <!--
8 CameraX libraries require minSdkVersion 21, while this quickstart app
9    supports low to 19. Needs to use overrideLibrary to make the merger tool
10    ignore this conflict and import the libraries while keeping the app's lower
11    minSdkVersion value. In code, will check SDK version, before calling CameraX
12    APIs.
13    -->
14    <uses-sdk
14-->src/main/AndroidManifest.xml:12:5-15:63
15        android:minSdkVersion="19"
15-->src/main/AndroidManifest.xml:12:5-15:63
16        android:targetSdkVersion="31" />
16-->src/main/AndroidManifest.xml:12:5-15:63
17
18    <uses-feature android:name="android.hardware.camera" />
18-->src/main/AndroidManifest.xml:17:5-59
18-->src/main/AndroidManifest.xml:17:19-57
19
20    <uses-permission android:name="android.permission.INTERNET" />
20-->src/main/AndroidManifest.xml:19:5-66
20-->src/main/AndroidManifest.xml:19:22-64
21    <uses-permission android:name="android.permission.WRITE_EXTERNAL_STORAGE" />
21-->src/main/AndroidManifest.xml:20:5-80
21-->src/main/AndroidManifest.xml:20:22-78
22    <uses-permission android:name="android.permission.READ_EXTERNAL_STORAGE" />
22-->src/main/AndroidManifest.xml:21:5-79
22-->src/main/AndroidManifest.xml:21:22-77
23    <uses-permission android:name="android.permission.CAMERA" />
23-->src/main/AndroidManifest.xml:22:5-64
23-->src/main/AndroidManifest.xml:22:22-62
24
25    <queries>
25-->src/main/AndroidManifest.xml:113:5-117:15
26        <intent>
26-->src/main/AndroidManifest.xml:114:9-116:18
27            <action android:name="android.media.action.IMAGE_CAPTURE" />
27-->src/main/AndroidManifest.xml:115:13-73
27-->src/main/AndroidManifest.xml:115:21-70
28        </intent>
29    </queries>
30
31    <!-- For remote config -->
32    <uses-permission android:name="android.permission.ACCESS_NETWORK_STATE" />
32-->[com.google.mlkit:object-detection:16.2.8] AndroidManifest.xml:7:5-79
32-->[com.google.mlkit:object-detection:16.2.8] AndroidManifest.xml:7:22-76
33
34    <application
34-->src/main/AndroidManifest.xml:24:5-112:19
35        android:name="androidx.multidex.MultiDexApplication"
35-->src/main/AndroidManifest.xml:25:9-61
36        android:appComponentFactory="androidx.core.app.CoreComponentFactory"
36-->[androidx.core:core:1.3.1] AndroidManifest.xml:24:18-86
37        android:debuggable="true"
38        android:icon="@drawable/logo_mlkit"
38-->src/main/AndroidManifest.xml:26:9-44
39        android:label="@string/app_name"
39-->src/main/AndroidManifest.xml:27:9-41
40        android:testOnly="true"
41        android:theme="@style/Theme.AppCompat" >
41-->src/main/AndroidManifest.xml:28:9-47
42        <meta-data
42-->src/main/AndroidManifest.xml:30:9-32:68
43            android:name="com.google.android.gms.version"
43-->src/main/AndroidManifest.xml:31:13-58
44            android:value="@integer/google_play_services_version" />
44-->src/main/AndroidManifest.xml:32:13-66
45
46        <!--
47          Optional: Add it to automatically download ML model to device after
48          your app is installed.
49        -->
50        <meta-data
50-->src/main/AndroidManifest.xml:36:9-38:62
51            android:name="com.google.mlkit.vision.DEPENDENCIES"
51-->src/main/AndroidManifest.xml:37:13-64
52            android:value="barcode,face,ocr,ica,custom_ica" />
52-->src/main/AndroidManifest.xml:38:13-60
53
54        <activity
54-->src/main/AndroidManifest.xml:40:9-48:20
55            android:name="com.google.mlkit.vision.demo.EntryChoiceActivity"
55-->src/main/AndroidManifest.xml:41:13-48
56            android:exported="true"
56-->src/main/AndroidManifest.xml:42:13-36
57            android:theme="@style/AppTheme" >
57-->src/main/AndroidManifest.xml:43:13-44
58            <intent-filter>
58-->src/main/AndroidManifest.xml:44:13-47:29
59                <action android:name="android.intent.action.MAIN" />
59-->src/main/AndroidManifest.xml:45:17-68
59-->src/main/AndroidManifest.xml:45:25-66
60
61                <category android:name="android.intent.category.LAUNCHER" />
61-->src/main/AndroidManifest.xml:46:17-76
61-->src/main/AndroidManifest.xml:46:27-74
62            </intent-filter>
63        </activity>
64        <activity
64-->src/main/AndroidManifest.xml:50:9-53:20
65            android:name="com.google.mlkit.vision.demo.java.ChooserActivity"
65-->src/main/AndroidManifest.xml:51:13-49
66            android:exported="true" >
66-->src/main/AndroidManifest.xml:52:13-36
67        </activity>
68        <activity
68-->src/main/AndroidManifest.xml:55:9-59:20
69            android:name="com.google.mlkit.vision.demo.java.LivePreviewActivity"
69-->src/main/AndroidManifest.xml:56:13-53
70            android:exported="true"
70-->src/main/AndroidManifest.xml:57:13-36
71            android:theme="@style/AppTheme" >
71-->src/main/AndroidManifest.xml:58:13-44
72        </activity>
73        <activity
73-->src/main/AndroidManifest.xml:61:9-65:20
74            android:name="com.google.mlkit.vision.demo.java.CameraXLivePreviewActivity"
74-->src/main/AndroidManifest.xml:62:13-60
75            android:exported="true"
75-->src/main/AndroidManifest.xml:63:13-36
76            android:theme="@style/AppTheme" >
76-->src/main/AndroidManifest.xml:64:13-44
77        </activity>
78        <activity
78-->src/main/AndroidManifest.xml:67:9-71:20
79            android:name="com.google.mlkit.vision.demo.java.CameraXSourceDemoActivity"
79-->src/main/AndroidManifest.xml:68:13-59
80            android:exported="true"
80-->src/main/AndroidManifest.xml:69:13-36
81            android:theme="@style/AppTheme" >
81-->src/main/AndroidManifest.xml:70:13-44
82        </activity>
83        <activity
83-->src/main/AndroidManifest.xml:73:9-77:20
84            android:name="com.google.mlkit.vision.demo.java.StillImageActivity"
84-->src/main/AndroidManifest.xml:74:13-52
85            android:exported="true"
85-->src/main/AndroidManifest.xml:75:13-36
86            android:theme="@style/AppTheme" >
86-->src/main/AndroidManifest.xml:76:13-44
87        </activity>
88        <activity
88-->src/main/AndroidManifest.xml:79:9-82:20
89            android:name="com.google.mlkit.vision.demo.kotlin.ChooserActivity"
89-->src/main/AndroidManifest.xml:80:13-51
90            android:exported="true" >
90-->src/main/AndroidManifest.xml:81:13-36
91        </activity>
92        <activity
92-->src/main/AndroidManifest.xml:84:9-88:20
93            android:name="com.google.mlkit.vision.demo.kotlin.LivePreviewActivity"
93-->src/main/AndroidManifest.xml:85:13-55
94            android:exported="true"
94-->src/main/AndroidManifest.xml:86:13-36
95            android:theme="@style/AppTheme" >
95-->src/main/AndroidManifest.xml:87:13-44
96        </activity>
97        <activity
97-->src/main/AndroidManifest.xml:90:9-94:20
98            android:name="com.google.mlkit.vision.demo.kotlin.CameraXLivePreviewActivity"
98-->src/main/AndroidManifest.xml:91:13-62
99            android:exported="true"
99-->src/main/AndroidManifest.xml:92:13-36
100            android:theme="@style/AppTheme" >
100-->src/main/AndroidManifest.xml:93:13-44
101        </activity>
102        <activity
102-->src/main/AndroidManifest.xml:96:9-100:20
103            android:name="com.google.mlkit.vision.demo.kotlin.CameraXSourceDemoActivity"
103-->src/main/AndroidManifest.xml:97:13-61
104            android:exported="true"
104-->src/main/AndroidManifest.xml:98:13-36
105            android:theme="@style/AppTheme" >
105-->src/main/AndroidManifest.xml:99:13-44
106        </activity>
107        <activity
107-->src/main/AndroidManifest.xml:102:9-106:20
108            android:name="com.google.mlkit.vision.demo.kotlin.StillImageActivity"
108-->src/main/AndroidManifest.xml:103:13-54
109            android:exported="true"
109-->src/main/AndroidManifest.xml:104:13-36
110            android:theme="@style/AppTheme" >
110-->src/main/AndroidManifest.xml:105:13-44
111        </activity>
112        <activity
112-->src/main/AndroidManifest.xml:108:9-110:39
113            android:name="com.google.mlkit.vision.demo.preference.SettingsActivity"
113-->src/main/AndroidManifest.xml:109:13-56
114            android:exported="false" />
114-->src/main/AndroidManifest.xml:110:13-37
115
116        <service
116-->[com.google.mlkit:object-detection:16.2.8] AndroidManifest.xml:11:9-17:19
117            android:name="com.google.mlkit.common.internal.MlKitComponentDiscoveryService"
117-->[com.google.mlkit:object-detection:16.2.8] AndroidManifest.xml:12:13-91
118            android:directBootAware="true"
118-->[com.google.mlkit:common:17.5.0] AndroidManifest.xml:17:13-43
119            android:exported="false" >
119-->[com.google.mlkit:object-detection:16.2.8] AndroidManifest.xml:13:13-37
120            <meta-data
120-->[com.google.mlkit:object-detection:16.2.8] AndroidManifest.xml:14:13-16:85
121                android:name="com.google.firebase.components:com.google.mlkit.vision.objects.defaults.internal.DefaultObjectsRegistrar"
121-->[com.google.mlkit:object-detection:16.2.8] AndroidManifest.xml:15:17-136
122                android:value="com.google.firebase.components.ComponentRegistrar" />
122-->[com.google.mlkit:object-detection:16.2.8] AndroidManifest.xml:16:17-82
123            <meta-data
123-->[com.google.mlkit:object-detection-custom:16.3.4] AndroidManifest.xml:11:13-13:85
124                android:name="com.google.firebase.components:com.google.mlkit.vision.objects.custom.internal.CustomObjectsRegistrar"
124-->[com.google.mlkit:object-detection-custom:16.3.4] AndroidManifest.xml:12:17-133
125                android:value="com.google.firebase.components.ComponentRegistrar" />
125-->[com.google.mlkit:object-detection-custom:16.3.4] AndroidManifest.xml:13:17-82
126            <meta-data
126-->[com.google.mlkit:image-labeling:17.0.6] AndroidManifest.xml:11:13-13:85
127                android:name="com.google.firebase.components:com.google.mlkit.vision.label.defaults.internal.BundledLabelRegistrar"
127-->[com.google.mlkit:image-labeling:17.0.6] AndroidManifest.xml:12:17-132
128                android:value="com.google.firebase.components.ComponentRegistrar" />
128-->[com.google.mlkit:image-labeling:17.0.6] AndroidManifest.xml:13:17-82
129            <meta-data
129-->[com.google.mlkit:image-labeling-custom:17.0.0] AndroidManifest.xml:11:13-13:85
130                android:name="com.google.firebase.components:com.google.mlkit.vision.label.custom.internal.CustomLabelRegistrar"
130-->[com.google.mlkit:image-labeling-custom:17.0.0] AndroidManifest.xml:12:17-129
131                android:value="com.google.firebase.components.ComponentRegistrar" />
131-->[com.google.mlkit:image-labeling-custom:17.0.0] AndroidManifest.xml:13:17-82
132            <meta-data
132-->[com.google.mlkit:segmentation-selfie:16.0.0-beta3] AndroidManifest.xml:12:13-14:85
133                android:name="com.google.firebase.components:com.google.mlkit.vision.segmentation.internal.SegmentationRegistrar"
133-->[com.google.mlkit:segmentation-selfie:16.0.0-beta3] AndroidManifest.xml:13:17-130
134                android:value="com.google.firebase.components.ComponentRegistrar" />
134-->[com.google.mlkit:segmentation-selfie:16.0.0-beta3] AndroidManifest.xml:14:17-82
135            <meta-data
135-->[com.google.android.gms:play-services-mlkit-barcode-scanning:17.0.0] AndroidManifest.xml:12:13-14:85
136                android:name="com.google.firebase.components:com.google.mlkit.vision.barcode.internal.BarcodeRegistrar"
136-->[com.google.android.gms:play-services-mlkit-barcode-scanning:17.0.0] AndroidManifest.xml:13:17-120
137                android:value="com.google.firebase.components.ComponentRegistrar" />
137-->[com.google.android.gms:play-services-mlkit-barcode-scanning:17.0.0] AndroidManifest.xml:14:17-82
138            <meta-data
138-->[com.google.mlkit:vision-internal-vkp:18.2.1] AndroidManifest.xml:14:13-16:85
139                android:name="com.google.firebase.components:com.google.mlkit.vision.vkp.VkpRegistrar"
139-->[com.google.mlkit:vision-internal-vkp:18.2.1] AndroidManifest.xml:15:17-103
140                android:value="com.google.firebase.components.ComponentRegistrar" />
140-->[com.google.mlkit:vision-internal-vkp:18.2.1] AndroidManifest.xml:16:17-82
141            <meta-data
141-->[com.google.android.gms:play-services-mlkit-face-detection:16.2.1] AndroidManifest.xml:12:13-14:85
142                android:name="com.google.firebase.components:com.google.mlkit.vision.face.internal.FaceRegistrar"
142-->[com.google.android.gms:play-services-mlkit-face-detection:16.2.1] AndroidManifest.xml:13:17-114
143                android:value="com.google.firebase.components.ComponentRegistrar" />
143-->[com.google.android.gms:play-services-mlkit-face-detection:16.2.1] AndroidManifest.xml:14:17-82
144            <meta-data
144-->[com.google.android.gms:play-services-mlkit-text-recognition-common:16.1.0] AndroidManifest.xml:12:13-14:85
145                android:name="com.google.firebase.components:com.google.mlkit.vision.text.internal.TextRegistrar"
145-->[com.google.android.gms:play-services-mlkit-text-recognition-common:16.1.0] AndroidManifest.xml:13:17-114
146                android:value="com.google.firebase.components.ComponentRegistrar" />
146-->[com.google.android.gms:play-services-mlkit-text-recognition-common:16.1.0] AndroidManifest.xml:14:17-82
147            <meta-data
147-->[com.google.mlkit:pose-detection-common:17.1.0-beta6] AndroidManifest.xml:14:13-16:85
148                android:name="com.google.firebase.components:com.google.mlkit.vision.pose.internal.PoseRegistrar"
148-->[com.google.mlkit:pose-detection-common:17.1.0-beta6] AndroidManifest.xml:15:17-114
149                android:value="com.google.firebase.components.ComponentRegistrar" />
149-->[com.google.mlkit:pose-detection-common:17.1.0-beta6] AndroidManifest.xml:16:17-82
150            <meta-data
150-->[com.google.mlkit:vision-common:16.7.0] AndroidManifest.xml:12:13-14:85
151                android:name="com.google.firebase.components:com.google.mlkit.vision.common.internal.VisionCommonRegistrar"
151-->[com.google.mlkit:vision-common:16.7.0] AndroidManifest.xml:13:17-124
152                android:value="com.google.firebase.components.ComponentRegistrar" />
152-->[com.google.mlkit:vision-common:16.7.0] AndroidManifest.xml:14:17-82
153            <meta-data
153-->[com.google.mlkit:common:17.5.0] AndroidManifest.xml:20:13-22:85
154                android:name="com.google.firebase.components:com.google.mlkit.common.internal.CommonComponentRegistrar"
154-->[com.google.mlkit:common:17.5.0] AndroidManifest.xml:21:17-120
155                android:value="com.google.firebase.components.ComponentRegistrar" />
155-->[com.google.mlkit:common:17.5.0] AndroidManifest.xml:22:17-82
156        </service>
157
158        <provider
158-->[com.google.mlkit:common:17.5.0] AndroidManifest.xml:9:9-13:38
159            android:name="com.google.mlkit.common.internal.MlKitInitProvider"
159-->[com.google.mlkit:common:17.5.0] AndroidManifest.xml:10:13-78
160            android:authorities="com.google.mlkit.vision.demo.mlkitinitprovider"
160-->[com.google.mlkit:common:17.5.0] AndroidManifest.xml:11:13-69
161            android:exported="false"
161-->[com.google.mlkit:common:17.5.0] AndroidManifest.xml:12:13-37
162            android:initOrder="99" />
162-->[com.google.mlkit:common:17.5.0] AndroidManifest.xml:13:13-35
163
164        <activity
164-->[com.google.android.gms:play-services-base:17.6.0] AndroidManifest.xml:23:9-26:75
165            android:name="com.google.android.gms.common.api.GoogleApiActivity"
165-->[com.google.android.gms:play-services-base:17.6.0] AndroidManifest.xml:24:13-79
166            android:exported="false"
166-->[com.google.android.gms:play-services-base:17.6.0] AndroidManifest.xml:25:13-37
167            android:theme="@android:style/Theme.Translucent.NoTitleBar" />
167-->[com.google.android.gms:play-services-base:17.6.0] AndroidManifest.xml:26:13-72
168
169        <service
169-->[com.google.android.datatransport:transport-backend-cct:2.3.3] AndroidManifest.xml:29:9-35:19
170            android:name="com.google.android.datatransport.runtime.backends.TransportBackendDiscovery"
170-->[com.google.android.datatransport:transport-backend-cct:2.3.3] AndroidManifest.xml:30:13-103
171            android:exported="false" >
171-->[com.google.android.datatransport:transport-backend-cct:2.3.3] AndroidManifest.xml:31:13-37
172            <meta-data
172-->[com.google.android.datatransport:transport-backend-cct:2.3.3] AndroidManifest.xml:32:13-34:39
173                android:name="backend:com.google.android.datatransport.cct.CctBackendFactory"
173-->[com.google.android.datatransport:transport-backend-cct:2.3.3] AndroidManifest.xml:33:17-94
174                android:value="cct" />
174-->[com.google.android.datatransport:transport-backend-cct:2.3.3] AndroidManifest.xml:34:17-36
175        </service>
176        <service
176-->[com.google.android.datatransport:transport-runtime:2.2.6] AndroidManifest.xml:26:9-30:19
177            android:name="com.google.android.datatransport.runtime.scheduling.jobscheduling.JobInfoSchedulerService"
177-->[com.google.android.datatransport:transport-runtime:2.2.6] AndroidManifest.xml:27:13-117
178            android:exported="false"
178-->[com.google.android.datatransport:transport-runtime:2.2.6] AndroidManifest.xml:28:13-37
179            android:permission="android.permission.BIND_JOB_SERVICE" >
179-->[com.google.android.datatransport:transport-runtime:2.2.6] AndroidManifest.xml:29:13-69
180        </service>
181
182        <receiver
182-->[com.google.android.datatransport:transport-runtime:2.2.6] AndroidManifest.xml:32:9-34:40
183            android:name="com.google.android.datatransport.runtime.scheduling.jobscheduling.AlarmManagerSchedulerBroadcastReceiver"
183-->[com.google.android.datatransport:transport-runtime:2.2.6] AndroidManifest.xml:33:13-132
184            android:exported="false" />
184-->[com.google.android.datatransport:transport-runtime:2.2.6] AndroidManifest.xml:34:13-37
185
186        <provider
186-->[androidx.lifecycle:lifecycle-process:2.1.0] AndroidManifest.xml:23:9-27:43
187            android:name="androidx.lifecycle.ProcessLifecycleOwnerInitializer"
187-->[androidx.lifecycle:lifecycle-process:2.1.0] AndroidManifest.xml:24:13-79
188            android:authorities="com.google.mlkit.vision.demo.lifecycle-process"
188-->[androidx.lifecycle:lifecycle-process:2.1.0] AndroidManifest.xml:25:13-69
189            android:exported="false"
189-->[androidx.lifecycle:lifecycle-process:2.1.0] AndroidManifest.xml:26:13-37
190            android:multiprocess="true" />
190-->[androidx.lifecycle:lifecycle-process:2.1.0] AndroidManifest.xml:27:13-40
191    </application>
192
193</manifest>